2024-06-05 09:57:30,061;Capella;6.1.0.202303291413;Open+Session;5G%2520NR%2520%E6%89%8B%E6%9C%BA%E7%9B%B4%E8%BF%9ETP%E8%AF%95%E9%AA%8C%E5%8D%AB%E6%98%9F.aird;;
2024-06-05 09:57:31,111;Capella;6.1.0.202303291413;Open+Session;5G%2520NR%2520%E6%89%8B%E6%9C%BA%E7%9B%B4%E8%BF%9ETP%E8%AF%95%E9%AA%8C%E5%8D%AB%E6%98%9F.aird;OK;
2024-06-05 10:00:33,821;Capella;6.1.0.202303291413;Create+Representation;Operational+Entity+Breakdown;;6c9dde7b-f30d-4e12-861f-e583296d3717
2024-06-05 10:01:00,563;Capella;6.1.0.202303291413;Create+Representation;Operational+Entity+Breakdown;;6c9dde7b-f30d-4e12-861f-e583296d3717
2024-06-05 10:01:00,660;Capella;6.1.0.202303291413;Create+Representation;Operational+Entity+Breakdown;OK;6c9dde7b-f30d-4e12-861f-e583296d3717
2024-06-05 10:01:01,507;Capella;6.1.0.202303291413;Create+Representation;Operational+Entity+Breakdown;OK;6c9dde7b-f30d-4e12-861f-e583296d3717
2024-06-05 11:07:39,247;Capella;6.1.0.202303291413;Create+Representation;Operational+Capabilities+Blank;;1e01adc5-ba1b-4382-8698-125bf102cf68
2024-06-05 11:07:48,024;Capella;6.1.0.202303291413;Create+Representation;Operational+Capabilities+Blank;;1e01adc5-ba1b-4382-8698-125bf102cf68
2024-06-05 11:07:48,031;Capella;6.1.0.202303291413;Create+Representation;Operational+Capabilities+Blank;OK;1e01adc5-ba1b-4382-8698-125bf102cf68
2024-06-05 11:07:48,223;Capella;6.1.0.202303291413;Create+Representation;Operational+Capabilities+Blank;OK;1e01adc5-ba1b-4382-8698-125bf102cf68
2024-06-05 13:19:54,960;Capella;6.1.0.202303291413;Create+Representation;Operational+Capabilities+Blank;;1e01adc5-ba1b-4382-8698-125bf102cf68
2024-06-05 13:20:21,848;Capella;6.1.0.202303291413;Create+Representation;Operational+Capabilities+Blank;;1e01adc5-ba1b-4382-8698-125bf102cf68
2024-06-05 13:20:21,854;Capella;6.1.0.202303291413;Create+Representation;Operational+Capabilities+Blank;OK;1e01adc5-ba1b-4382-8698-125bf102cf68
2024-06-05 13:20:22,020;Capella;6.1.0.202303291413;Create+Representation;Operational+Capabilities+Blank;OK;1e01adc5-ba1b-4382-8698-125bf102cf68
2024-06-05 14:09:52,390;Capella;6.1.0.202303291413;Create+Representation;Operational+Entity+Blank;;6c9dde7b-f30d-4e12-861f-e583296d3717
2024-06-05 14:10:21,342;Capella;6.1.0.202303291413;Create+Representation;Operational+Entity+Blank;;6c9dde7b-f30d-4e12-861f-e583296d3717
2024-06-05 14:10:21,349;Capella;6.1.0.202303291413;Create+Representation;Operational+Entity+Blank;OK;6c9dde7b-f30d-4e12-861f-e583296d3717
2024-06-05 14:10:21,534;Capella;6.1.0.202303291413;Create+Representation;Operational+Entity+Blank;OK;6c9dde7b-f30d-4e12-861f-e583296d3717
2024-06-05 16:00:22,357;Capella;6.1.0.202303291413;Create+Representation;Operational+Entity+Blank;;6c9dde7b-f30d-4e12-861f-e583296d3717
2024-06-05 16:00:37,134;Capella;6.1.0.202303291413;Create+Representation;Operational+Entity+Blank;;6c9dde7b-f30d-4e12-861f-e583296d3717
2024-06-05 16:00:37,139;Capella;6.1.0.202303291413;Create+Representation;Operational+Entity+Blank;OK;6c9dde7b-f30d-4e12-861f-e583296d3717
2024-06-05 16:00:37,311;Capella;6.1.0.202303291413;Create+Representation;Operational+Entity+Blank;OK;6c9dde7b-f30d-4e12-861f-e583296d3717
2024-06-05 16:38:05,752;Capella;6.1.0.202303291413;Open+Representation;;;
2024-06-05 16:38:05,941;Capella;6.1.0.202303291413;Open+Representation;;OK;
2024-06-05 17:05:41,822;Capella;6.1.0.202303291413;Create+Representation;Operational+Entity+Blank;;6c9dde7b-f30d-4e12-861f-e583296d3717
2024-06-05 17:05:50,672;Capella;6.1.0.202303291413;Create+Representation;Operational+Entity+Blank;;6c9dde7b-f30d-4e12-861f-e583296d3717
2024-06-05 17:05:50,676;Capella;6.1.0.202303291413;Create+Representation;Operational+Entity+Blank;OK;6c9dde7b-f30d-4e12-861f-e583296d3717
2024-06-05 17:05:50,857;Capella;6.1.0.202303291413;Create+Representation;Operational+Entity+Blank;OK;6c9dde7b-f30d-4e12-861f-e583296d3717
2024-06-06 14:53:36,534;Capella;6.1.0.202303291413;Create+Representation;Operational+Entity+Blank;;6c9dde7b-f30d-4e12-861f-e583296d3717
2024-06-06 14:55:42,556;Capella;6.1.0.202303291413;Create+Representation;Operational+Entity+Blank;;6c9dde7b-f30d-4e12-861f-e583296d3717
2024-06-06 14:55:42,574;Capella;6.1.0.202303291413;Create+Representation;Operational+Entity+Blank;OK;6c9dde7b-f30d-4e12-861f-e583296d3717
2024-06-06 14:55:42,838;Capella;6.1.0.202303291413;Create+Representation;Operational+Entity+Blank;OK;6c9dde7b-f30d-4e12-861f-e583296d3717
2024-06-06 17:45:35,338;Capella;6.1.0.202303291413;Open+Representation;;;
2024-06-06 17:45:35,607;Capella;6.1.0.202303291413;Open+Representation;;OK;
2024-06-06 18:12:04,695;Capella;6.1.0.202303291413;Create+Representation;Operational+Entity+Blank;;6c9dde7b-f30d-4e12-861f-e583296d3717
2024-06-06 18:12:58,719;Capella;6.1.0.202303291413;Create+Representation;Operational+Entity+Blank;;6c9dde7b-f30d-4e12-861f-e583296d3717
2024-06-06 18:12:58,723;Capella;6.1.0.202303291413;Create+Representation;Operational+Entity+Blank;OK;6c9dde7b-f30d-4e12-861f-e583296d3717
2024-06-06 18:12:58,919;Capella;6.1.0.202303291413;Create+Representation;Operational+Entity+Blank;OK;6c9dde7b-f30d-4e12-861f-e583296d3717
2024-06-06 20:00:52,810;Capella;6.1.0.202303291413;Create+Representation;Operational+Entity+Blank;;6c9dde7b-f30d-4e12-861f-e583296d3717
2024-06-06 20:03:17,724;Capella;6.1.0.202303291413;Create+Representation;Operational+Entity+Blank;;6c9dde7b-f30d-4e12-861f-e583296d3717
2024-06-06 20:03:17,727;Capella;6.1.0.202303291413;Create+Representation;Operational+Entity+Blank;OK;6c9dde7b-f30d-4e12-861f-e583296d3717
2024-06-06 20:03:17,935;Capella;6.1.0.202303291413;Create+Representation;Operational+Entity+Blank;OK;6c9dde7b-f30d-4e12-861f-e583296d3717
2024-06-06 20:47:46,111;Capella;6.1.0.202303291413;Open+Representation;;;
2024-06-06 20:47:46,342;Capella;6.1.0.202303291413;Open+Representation;;OK;
2024-06-06 21:14:19,657;Capella;6.1.0.202303291413;Create+Representation;Operational+Entity+Blank;;6c9dde7b-f30d-4e12-861f-e583296d3717
2024-06-06 21:15:46,219;Capella;6.1.0.202303291413;Create+Representation;Operational+Entity+Blank;;6c9dde7b-f30d-4e12-861f-e583296d3717
2024-06-06 21:15:46,223;Capella;6.1.0.202303291413;Create+Representation;Operational+Entity+Blank;OK;6c9dde7b-f30d-4e12-861f-e583296d3717
2024-06-06 21:15:46,421;Capella;6.1.0.202303291413;Create+Representation;Operational+Entity+Blank;OK;6c9dde7b-f30d-4e12-861f-e583296d3717
2024-06-06 21:31:21,785;Capella;6.1.0.202303291413;Create+Representation;Operational+Entity+Blank;;6c9dde7b-f30d-4e12-861f-e583296d3717
2024-06-06 21:31:32,892;Capella;6.1.0.202303291413;Create+Representation;Operational+Entity+Blank;;6c9dde7b-f30d-4e12-861f-e583296d3717
2024-06-06 21:31:32,896;Capella;6.1.0.202303291413;Create+Representation;Operational+Entity+Blank;OK;6c9dde7b-f30d-4e12-861f-e583296d3717
2024-06-06 21:31:33,094;Capella;6.1.0.202303291413;Create+Representation;Operational+Entity+Blank;OK;6c9dde7b-f30d-4e12-861f-e583296d3717
2024-06-07 10:23:36,780;Capella;6.1.0.202303291413;Open+Representation;;;
2024-06-07 10:23:37,115;Capella;6.1.0.202303291413;Open+Representation;;OK;
2024-06-07 14:40:42,193;Capella;6.1.0.202303291413;Open+Representation;;;
2024-06-07 14:40:42,299;Capella;6.1.0.202303291413;Open+Representation;;OK;
2024-06-11 10:02:47,446;Capella;6.1.0.202303291413;Create+Representation;Operational+Entity+Blank;;6c9dde7b-f30d-4e12-861f-e583296d3717
2024-06-11 10:02:58,877;Capella;6.1.0.202303291413;Create+Representation;Operational+Entity+Blank;;6c9dde7b-f30d-4e12-861f-e583296d3717
2024-06-11 10:02:58,906;Capella;6.1.0.202303291413;Create+Representation;Operational+Entity+Blank;OK;6c9dde7b-f30d-4e12-861f-e583296d3717
2024-06-11 10:02:59,170;Capella;6.1.0.202303291413;Create+Representation;Operational+Entity+Blank;OK;6c9dde7b-f30d-4e12-861f-e583296d3717
2024-06-11 13:56:13,510;Capella;6.1.0.202303291413;Open+Representation;;;
2024-06-11 13:56:13,643;Capella;6.1.0.202303291413;Open+Representation;;OK;
2024-06-11 14:01:22,309;Capella;6.1.0.202303291413;Open+Representation;;;
2024-06-11 14:01:22,394;Capella;6.1.0.202303291413;Open+Representation;;OK;
2024-06-11 14:50:25,271;Capella;6.1.0.202303291413;Open+Representation;;;
2024-06-11 14:50:25,555;Capella;6.1.0.202303291413;Open+Representation;;OK;
2024-06-11 15:31:28,636;Capella;6.1.0.202303291413;Open+Representation;;;
2024-06-11 15:31:28,914;Capella;6.1.0.202303291413;Open+Representation;;OK;
2024-06-11 15:34:30,939;Capella;6.1.0.202303291413;Open+Representation;;;
2024-06-11 15:34:31,209;Capella;6.1.0.202303291413;Open+Representation;;OK;
2024-06-13 13:08:55,230;Capella;6.1.0.202303291413;Create+Representation;Operational+Entity+Blank;;6c9dde7b-f30d-4e12-861f-e583296d3717
2024-06-13 13:09:37,381;Capella;6.1.0.202303291413;Create+Representation;Operational+Entity+Blank;;6c9dde7b-f30d-4e12-861f-e583296d3717
2024-06-13 13:09:37,398;Capella;6.1.0.202303291413;Create+Representation;Operational+Entity+Blank;OK;6c9dde7b-f30d-4e12-861f-e583296d3717
2024-06-13 13:09:37,611;Capella;6.1.0.202303291413;Create+Representation;Operational+Entity+Blank;OK;6c9dde7b-f30d-4e12-861f-e583296d3717
2024-06-13 16:52:05,489;Capella;6.1.0.202303291413;Open+Representation;;;
2024-06-13 16:52:05,687;Capella;6.1.0.202303291413;Open+Representation;;OK;
2024-06-16 17:41:32,810;Capella;6.1.0.202303291413;Create+Representation;Operational+Entity+Blank;;6c9dde7b-f30d-4e12-861f-e583296d3717
2024-06-16 17:42:31,308;Capella;6.1.0.202303291413;Create+Representation;Operational+Entity+Blank;;6c9dde7b-f30d-4e12-861f-e583296d3717
2024-06-16 17:42:31,326;Capella;6.1.0.202303291413;Create+Representation;Operational+Entity+Blank;OK;6c9dde7b-f30d-4e12-861f-e583296d3717
2024-06-16 17:42:31,625;Capella;6.1.0.202303291413;Create+Representation;Operational+Entity+Blank;OK;6c9dde7b-f30d-4e12-861f-e583296d3717
2024-06-16 18:13:45,141;Capella;6.1.0.202303291413;Open+Representation;;;
2024-06-16 18:13:45,366;Capella;6.1.0.202303291413;Open+Representation;;OK;
2024-06-16 18:13:53,013;Capella;6.1.0.202303291413;Open+Representation;;;
2024-06-16 18:13:53,216;Capella;6.1.0.202303291413;Open+Representation;;OK;
2024-06-16 18:31:42,151;Capella;6.1.0.202303291413;Open+Representation;;;
2024-06-16 18:31:42,368;Capella;6.1.0.202303291413;Open+Representation;;OK;
2024-06-17 17:16:23,988;Capella;6.1.0.202303291413;Open+Representation;;;
2024-06-17 17:16:24,093;Capella;6.1.0.202303291413;Open+Representation;;OK;
2024-06-17 17:34:17,816;Capella;6.1.0.202303291413;Open+Representation;;;
2024-06-17 17:34:18,096;Capella;6.1.0.202303291413;Open+Representation;;OK;
2024-06-17 17:38:53,616;Capella;6.1.0.202303291413;Open+Representation;;;
2024-06-17 17:38:53,878;Capella;6.1.0.202303291413;Open+Representation;;OK;
2024-06-20 10:51:08,207;Capella;6.1.0.202303291413;Open+Representation;;;
2024-06-20 10:51:08,387;Capella;6.1.0.202303291413;Open+Representation;;OK;
2024-06-20 10:51:09,227;Capella;6.1.0.202303291413;Open+Representation;;;
2024-06-20 10:51:09,419;Capella;6.1.0.202303291413;Open+Representation;;OK;
2024-06-20 10:51:09,994;Capella;6.1.0.202303291413;Open+Representation;;;
2024-06-20 10:51:10,168;Capella;6.1.0.202303291413;Open+Representation;;OK;
2024-06-20 11:55:22,733;Capella;6.1.0.202303291413;Open+Representation;;;
2024-06-20 11:55:22,922;Capella;6.1.0.202303291413;Open+Representation;;OK;
2024-06-20 11:59:15,733;Capella;6.1.0.202303291413;Open+Representation;;;
2024-06-20 11:59:15,939;Capella;6.1.0.202303291413;Open+Representation;;OK;
2024-06-20 11:59:20,386;Capella;6.1.0.202303291413;Open+Representation;;;
2024-06-20 11:59:20,566;Capella;6.1.0.202303291413;Open+Representation;;OK;
2024-06-21 10:41:38,850;Capella;6.1.0.202303291413;Open+Representation;;;
2024-06-21 10:41:39,134;Capella;6.1.0.202303291413;Open+Representation;;OK;
2024-06-24 15:53:14,431;Capella;6.1.0.202303291413;Open+Representation;;;
2024-06-24 15:53:14,753;Capella;6.1.0.202303291413;Open+Representation;;OK;
2024-06-24 16:02:12,716;Capella;6.1.0.202303291413;Open+Representation;;;
2024-06-24 16:02:12,950;Capella;6.1.0.202303291413;Open+Representation;;OK;
2024-06-25 16:58:15,439;Capella;6.1.0.202303291413;Open+Representation;;;
2024-06-25 16:58:15,680;Capella;6.1.0.202303291413;Open+Representation;;OK;
2024-06-25 17:02:54,580;Capella;6.1.0.202303291413;Open+Representation;;;
2024-06-25 17:02:54,963;Capella;6.1.0.202303291413;Open+Representation;;OK;
2024-06-25 17:02:55,780;Capella;6.1.0.202303291413;Open+Representation;;;
2024-06-25 17:02:56,473;Capella;6.1.0.202303291413;Open+Representation;;OK;
2024-06-25 17:04:22,448;Capella;6.1.0.202303291413;Open+Representation;;;
2024-06-25 17:04:22,818;Capella;6.1.0.202303291413;Open+Representation;;OK;
2024-06-25 17:09:15,292;Capella;6.1.0.202303291413;Open+Representation;;;
2024-06-25 17:09:15,480;Capella;6.1.0.202303291413;Open+Representation;;OK;
2024-06-26 10:46:42,727;Capella;6.1.0.202303291413;Open+Session;5G+NR+%E6%89%8B%E6%9C%BA%E7%9B%B4%E8%BF%9ETP%E8%AF%95%E9%AA%8C%E5%8D%AB%E6%98%9F.aird;;
2024-06-26 10:46:43,746;Capella;6.1.0.202303291413;Open+Session;5G+NR+%E6%89%8B%E6%9C%BA%E7%9B%B4%E8%BF%9ETP%E8%AF%95%E9%AA%8C%E5%8D%AB%E6%98%9F.aird;;
2024-06-27 10:02:11,045;Capella;6.1.0.202303291413;Transition;Operational+Entity+to+System+Actor+Transition;;
2024-06-27 10:02:37,554;Capella;6.1.0.202303291413;Transition;Operational+Entity+to+System+Actor+Transition;OK;
2024-06-27 10:03:40,699;Capella;6.1.0.202303291413;Create+Representation;Contextual+System+Actors;;c195d0ef-6107-482b-bac3-5166a746dade
2024-06-27 10:04:10,107;Capella;6.1.0.202303291413;Create+Representation;Contextual+System+Actors;;c195d0ef-6107-482b-bac3-5166a746dade
2024-06-27 10:04:10,481;Capella;6.1.0.202303291413;Create+Representation;Contextual+System+Actors;OK;c195d0ef-6107-482b-bac3-5166a746dade
2024-06-27 10:04:10,983;Capella;6.1.0.202303291413;Create+Representation;Contextual+System+Actors;OK;c195d0ef-6107-482b-bac3-5166a746dade
2024-06-27 10:59:32,983;Capella;6.1.0.202303291413;Create+Representation;Contextual+System+Actors;;c195d0ef-6107-482b-bac3-5166a746dade
2024-06-27 10:59:42,167;Capella;6.1.0.202303291413;Create+Representation;Contextual+System+Actors;;c195d0ef-6107-482b-bac3-5166a746dade
2024-06-27 10:59:42,194;Capella;6.1.0.202303291413;Create+Representation;Contextual+System+Actors;OK;c195d0ef-6107-482b-bac3-5166a746dade
2024-06-27 10:59:42,427;Capella;6.1.0.202303291413;Create+Representation;Contextual+System+Actors;OK;c195d0ef-6107-482b-bac3-5166a746dade
2024-06-27 11:03:30,810;Capella;6.1.0.202303291413;Transition;Operational+Entity+to+System+Actor+Transition;;
2024-06-27 11:03:34,482;Capella;6.1.0.202303291413;Transition;Operational+Entity+to+System+Actor+Transition;OK;
2024-06-27 11:03:39,172;Capella;6.1.0.202303291413;Create+Representation;Contextual+System+Actors;;c195d0ef-6107-482b-bac3-5166a746dade
2024-06-27 11:03:42,859;Capella;6.1.0.202303291413;Create+Representation;Contextual+System+Actors;;c195d0ef-6107-482b-bac3-5166a746dade
2024-06-27 11:03:43,363;Capella;6.1.0.202303291413;Create+Representation;Contextual+System+Actors;OK;c195d0ef-6107-482b-bac3-5166a746dade
2024-06-27 11:03:44,817;Capella;6.1.0.202303291413;Create+Representation;Contextual+System+Actors;OK;c195d0ef-6107-482b-bac3-5166a746dade
2024-07-01 16:26:57,237;Capella;6.1.0.202303291413;Transition;Operational+Entity+to+System+Actor+Transition;;
2024-07-01 16:27:00,834;Capella;6.1.0.202303291413;Transition;Operational+Entity+to+System+Actor+Transition;OK;
2024-07-01 16:27:09,891;Capella;6.1.0.202303291413;Create+Representation;Contextual+System+Actors;;c195d0ef-6107-482b-bac3-5166a746dade
2024-07-01 16:27:23,154;Capella;6.1.0.202303291413;Create+Representation;Contextual+System+Actors;;c195d0ef-6107-482b-bac3-5166a746dade
2024-07-01 16:27:23,537;Capella;6.1.0.202303291413;Create+Representation;Contextual+System+Actors;OK;c195d0ef-6107-482b-bac3-5166a746dade
2024-07-01 16:27:24,282;Capella;6.1.0.202303291413;Create+Representation;Contextual+System+Actors;OK;c195d0ef-6107-482b-bac3-5166a746dade
2024-07-01 19:10:55,119;Capella;6.1.0.202303291413;Create+Representation;System+Actor+-+Operational+Actor;;bcca057b-c88d-425c-ab27-216495be7cbd
2024-07-01 19:10:57,393;Capella;6.1.0.202303291413;Create+Representation;System+Actor+-+Operational+Actor;OK;bcca057b-c88d-425c-ab27-216495be7cbd
2024-07-01 19:11:04,289;Capella;6.1.0.202303291413;Create+Representation;System+Architecture+Blank;;711c36e7-ae0c-419a-9c53-51a6d01f133e
2024-07-01 19:12:47,508;Capella;6.1.0.202303291413;Create+Representation;System+Architecture+Blank;;711c36e7-ae0c-419a-9c53-51a6d01f133e
2024-07-01 19:12:47,534;Capella;6.1.0.202303291413;Create+Representation;System+Architecture+Blank;OK;711c36e7-ae0c-419a-9c53-51a6d01f133e
2024-07-01 19:12:47,869;Capella;6.1.0.202303291413;Create+Representation;System+Architecture+Blank;OK;711c36e7-ae0c-419a-9c53-51a6d01f133e
2024-07-02 19:16:18,740;Capella;6.1.0.202303291413;Create+Representation;Class+Diagram+Blank;;ec1895fb-04cf-4909-ae50-26f7577de705
2024-07-02 19:16:21,898;Capella;6.1.0.202303291413;Create+Representation;Class+Diagram+Blank;;ec1895fb-04cf-4909-ae50-26f7577de705
2024-07-02 19:16:21,914;Capella;6.1.0.202303291413;Create+Representation;Class+Diagram+Blank;OK;ec1895fb-04cf-4909-ae50-26f7577de705
2024-07-02 19:16:22,325;Capella;6.1.0.202303291413;Create+Representation;Class+Diagram+Blank;OK;ec1895fb-04cf-4909-ae50-26f7577de705
2024-07-09 09:03:31,855;Capella;6.1.0.202303291413;Open+Representation;;;
2024-07-09 09:03:32,459;Capella;6.1.0.202303291413;Open+Representation;;OK;
2024-07-09 09:41:00,995;Capella;6.1.0.202303291413;Create+Representation;System+Architecture+Blank;;711c36e7-ae0c-419a-9c53-51a6d01f133e
2024-07-09 09:41:10,783;Capella;6.1.0.202303291413;Create+Representation;System+Architecture+Blank;;711c36e7-ae0c-419a-9c53-51a6d01f133e
2024-07-09 09:41:10,801;Capella;6.1.0.202303291413;Create+Representation;System+Architecture+Blank;OK;711c36e7-ae0c-419a-9c53-51a6d01f133e
2024-07-09 09:41:11,073;Capella;6.1.0.202303291413;Create+Representation;System+Architecture+Blank;OK;711c36e7-ae0c-419a-9c53-51a6d01f133e
2024-07-10 09:22:36,841;Capella;6.1.0.202303291413;Open+Representation;;;
2024-07-10 09:22:37,847;Capella;6.1.0.202303291413;Open+Representation;;OK;
2024-07-11 16:15:39,863;Capella;6.1.0.202303291413;Open+Representation;;;
2024-07-11 16:15:42,203;Capella;6.1.0.202303291413;Open+Representation;;OK;
2024-07-17 14:26:21,455;Capella;6.1.0.202303291413;Open+Representation;;;
2024-07-17 14:26:21,906;Capella;6.1.0.202303291413;Open+Representation;;OK;
2024-07-17 14:27:28,713;Capella;6.1.0.202303291413;Open+Representation;;;
2024-07-17 14:27:29,444;Capella;6.1.0.202303291413;Open+Representation;;OK;
2024-07-17 14:45:19,252;Capella;6.1.0.202303291413;Validation;;;
2024-07-17 14:45:19,851;Capella;6.1.0.202303291413;Validation;;OK;
2024-07-17 14:55:33,781;Capella;6.1.0.202303291413;Transition;Actor+Transition;;
2024-07-17 14:55:54,116;Capella;6.1.0.202303291413;Transition;Actor+Transition;OK;
2024-07-17 15:00:15,793;Capella;6.1.0.202303291413;Transition;Functional+Transition;;
2024-07-17 15:00:17,791;Capella;6.1.0.202303291413;Transition;Functional+Transition;ERROR;
2024-07-17 15:12:59,043;Capella;6.1.0.202303291413;Create+Representation;Logical+Component+Breakdown;;476f1cc5-fcab-4fc7-ba8a-7252b93abee3
2024-07-17 15:13:00,166;Capella;6.1.0.202303291413;Create+Representation;Logical+Component+Breakdown;;476f1cc5-fcab-4fc7-ba8a-7252b93abee3
2024-07-17 15:13:00,198;Capella;6.1.0.202303291413;Create+Representation;Logical+Component+Breakdown;OK;476f1cc5-fcab-4fc7-ba8a-7252b93abee3
2024-07-17 15:13:00,395;Capella;6.1.0.202303291413;Create+Representation;Logical+Component+Breakdown;OK;476f1cc5-fcab-4fc7-ba8a-7252b93abee3
2024-07-17 15:25:29,464;Capella;6.1.0.202303291413;Create+Representation;Logical+Architecture+Blank;;476f1cc5-fcab-4fc7-ba8a-7252b93abee3
2024-07-17 15:25:30,710;Capella;6.1.0.202303291413;Create+Representation;Logical+Architecture+Blank;;476f1cc5-fcab-4fc7-ba8a-7252b93abee3
2024-07-17 15:25:30,723;Capella;6.1.0.202303291413;Create+Representation;Logical+Architecture+Blank;OK;476f1cc5-fcab-4fc7-ba8a-7252b93abee3
2024-07-17 15:25:30,955;Capella;6.1.0.202303291413;Create+Representation;Logical+Architecture+Blank;OK;476f1cc5-fcab-4fc7-ba8a-7252b93abee3
2024-07-18 10:27:05,917;Capella;6.1.0.202303291413;Open+Representation;;;
2024-07-18 10:27:06,290;Capella;6.1.0.202303291413;Open+Representation;;OK;
2024-07-18 11:08:06,202;Capella;6.1.0.202303291413;Open+Representation;;;
2024-07-18 11:08:07,530;Capella;6.1.0.202303291413;Open+Representation;;OK;
2024-07-23 09:53:58,749;Capella;6.1.0.202303291413;Open+Representation;;;
2024-07-23 09:54:00,137;Capella;6.1.0.202303291413;Open+Representation;;OK;
2024-07-23 14:25:15,893;Capella;6.1.0.202303291413;Open+Representation;;;
2024-07-23 14:25:16,016;Capella;6.1.0.202303291413;Open+Representation;;OK;
2024-07-23 14:25:29,628;Capella;6.1.0.202303291413;Open+Representation;;;
2024-07-23 14:25:29,741;Capella;6.1.0.202303291413;Open+Representation;;OK;
2024-07-23 14:32:20,415;Capella;6.1.0.202303291413;Validation;;;
2024-07-23 14:32:20,909;Capella;6.1.0.202303291413;Validation;;OK;
2024-07-23 14:53:37,089;Capella;6.1.0.202303291413;Open+Representation;;;
2024-07-23 14:53:37,831;Capella;6.1.0.202303291413;Open+Representation;;OK;
2024-08-19 18:18:35,025;Capella;6.1.0.202303291413;Open+Representation;;;
2024-08-19 18:18:35,143;Capella;6.1.0.202303291413;Open+Representation;;OK;
2024-08-19 18:54:51,202;Capella;6.1.0.202303291413;Transition;Actor+Transition;;
2024-08-19 18:55:20,479;Capella;6.1.0.202303291413;Transition;Actor+Transition;OK;
2024-08-19 18:55:23,626;Capella;6.1.0.202303291413;Transition;Functional+Transition;;
2024-08-19 18:55:27,618;Capella;6.1.0.202303291413;Transition;Functional+Transition;OK;
2024-08-19 19:05:41,812;Capella;6.1.0.202303291413;Open+Representation;;;
2024-08-19 19:05:41,948;Capella;6.1.0.202303291413;Open+Representation;;OK;
2024-08-19 19:27:38,027;Capella;6.1.0.202303291413;Open+Representation;;;
2024-08-19 19:27:38,855;Capella;6.1.0.202303291413;Open+Representation;;OK;
2024-08-19 19:38:57,293;Capella;6.1.0.202303291413;Create+Representation;Logical+Architecture+Blank;;476f1cc5-fcab-4fc7-ba8a-7252b93abee3
2024-08-19 19:38:58,885;Capella;6.1.0.202303291413;Create+Representation;Logical+Architecture+Blank;;476f1cc5-fcab-4fc7-ba8a-7252b93abee3
2024-08-19 19:38:58,934;Capella;6.1.0.202303291413;Create+Representation;Logical+Architecture+Blank;OK;476f1cc5-fcab-4fc7-ba8a-7252b93abee3
2024-08-19 19:38:59,291;Capella;6.1.0.202303291413;Create+Representation;Logical+Architecture+Blank;OK;476f1cc5-fcab-4fc7-ba8a-7252b93abee3
2024-08-20 14:34:15,014;Capella;6.1.0.202303291413;Transition;Functional+Transition;;
2024-08-20 14:34:21,067;Capella;6.1.0.202303291413;Transition;Functional+Transition;ERROR;
2024-08-20 14:34:22,957;Capella;6.1.0.202303291413;Transition;Actor+Transition;;
2024-08-20 14:34:53,897;Capella;6.1.0.202303291413;Transition;Actor+Transition;ERROR;
2024-08-20 14:34:57,307;Capella;6.1.0.202303291413;Transition;Actor+Transition;;
2024-08-20 14:35:00,097;Capella;6.1.0.202303291413;Transition;Actor+Transition;ERROR;
2024-08-20 14:35:01,103;Capella;6.1.0.202303291413;Transition;Functional+Transition;;
2024-08-20 14:35:04,724;Capella;6.1.0.202303291413;Transition;Functional+Transition;ERROR;
2024-08-20 14:35:06,092;Capella;6.1.0.202303291413;Transition;Actor+Transition;;
2024-08-20 14:35:07,842;Capella;6.1.0.202303291413;Transition;Actor+Transition;OK;
2024-08-20 14:35:09,254;Capella;6.1.0.202303291413;Transition;Functional+Transition;;
2024-08-20 14:35:11,205;Capella;6.1.0.202303291413;Transition;Functional+Transition;OK;
2024-08-20 14:35:18,574;Capella;6.1.0.202303291413;Create+Representation;Logical+Data+Flow+Blank;;529dea87-6838-4064-a9f0-fa42749b80d5
2024-08-20 14:35:20,035;Capella;6.1.0.202303291413;Create+Representation;Logical+Data+Flow+Blank;;529dea87-6838-4064-a9f0-fa42749b80d5
2024-08-20 14:35:20,057;Capella;6.1.0.202303291413;Create+Representation;Logical+Data+Flow+Blank;OK;529dea87-6838-4064-a9f0-fa42749b80d5
2024-08-20 14:35:20,294;Capella;6.1.0.202303291413;Create+Representation;Logical+Data+Flow+Blank;OK;529dea87-6838-4064-a9f0-fa42749b80d5
2024-08-20 14:36:29,237;Capella;6.1.0.202303291413;Create+Representation;Logical+Architecture+Blank;;476f1cc5-fcab-4fc7-ba8a-7252b93abee3
2024-08-20 14:36:31,516;Capella;6.1.0.202303291413;Create+Representation;Logical+Architecture+Blank;;476f1cc5-fcab-4fc7-ba8a-7252b93abee3
2024-08-20 14:36:31,528;Capella;6.1.0.202303291413;Create+Representation;Logical+Architecture+Blank;OK;476f1cc5-fcab-4fc7-ba8a-7252b93abee3
2024-08-20 14:36:31,756;Capella;6.1.0.202303291413;Create+Representation;Logical+Architecture+Blank;OK;476f1cc5-fcab-4fc7-ba8a-7252b93abee3
2024-08-21 17:42:05,391;Capella;6.1.0.202303291413;Open+Representation;;;
2024-08-21 17:42:06,070;Capella;6.1.0.202303291413;Open+Representation;;OK;
2024-08-21 17:42:13,966;Capella;6.1.0.202303291413;Open+Representation;;;
2024-08-21 17:42:14,638;Capella;6.1.0.202303291413;Open+Representation;;OK;
2024-08-22 07:31:42,897;Capella;6.1.0.202303291413;Open+Representation;;;
2024-08-22 07:31:43,305;Capella;6.1.0.202303291413;Open+Representation;;OK;
2024-08-22 08:12:00,613;Capella;6.1.0.202303291413;Open+Representation;;;
2024-08-22 08:12:00,924;Capella;6.1.0.202303291413;Open+Representation;;OK;
2024-08-22 10:52:06,332;Capella;6.1.0.202303291413;Create+Representation;Logical+Architecture+Blank;;476f1cc5-fcab-4fc7-ba8a-7252b93abee3
2024-08-22 10:52:09,219;Capella;6.1.0.202303291413;Create+Representation;Logical+Architecture+Blank;;476f1cc5-fcab-4fc7-ba8a-7252b93abee3
2024-08-22 10:52:09,244;Capella;6.1.0.202303291413;Create+Representation;Logical+Architecture+Blank;OK;476f1cc5-fcab-4fc7-ba8a-7252b93abee3
2024-08-22 10:52:09,621;Capella;6.1.0.202303291413;Create+Representation;Logical+Architecture+Blank;OK;476f1cc5-fcab-4fc7-ba8a-7252b93abee3
2024-08-22 10:58:54,864;Capella;6.1.0.202303291413;Create+Representation;Logical+Architecture+Blank;;476f1cc5-fcab-4fc7-ba8a-7252b93abee3
2024-08-22 10:59:05,373;Capella;6.1.0.202303291413;Create+Representation;Logical+Architecture+Blank;;476f1cc5-fcab-4fc7-ba8a-7252b93abee3
2024-08-22 10:59:05,382;Capella;6.1.0.202303291413;Create+Representation;Logical+Architecture+Blank;OK;476f1cc5-fcab-4fc7-ba8a-7252b93abee3
2024-08-22 10:59:05,571;Capella;6.1.0.202303291413;Create+Representation;Logical+Architecture+Blank;OK;476f1cc5-fcab-4fc7-ba8a-7252b93abee3
2024-08-22 11:49:12,151;Capella;6.1.0.202303291413;Transition;Actor+Transition;;
2024-08-22 11:49:40,853;Capella;6.1.0.202303291413;Transition;Actor+Transition;ERROR;
2024-08-22 11:49:43,508;Capella;6.1.0.202303291413;Transition;LC+%2F+LA+to+PC+%2F+PA+Transition;;
2024-08-22 11:50:36,488;Capella;6.1.0.202303291413;Transition;LC+%2F+LA+to+PC+%2F+PA+Transition;OK;
2024-08-22 11:50:39,976;Capella;6.1.0.202303291413;Transition;Functional+Transition;;
2024-08-22 11:50:50,252;Capella;6.1.0.202303291413;Transition;Functional+Transition;ERROR;
2024-08-22 11:51:04,415;Capella;6.1.0.202303291413;Create+Representation;Physical+Function+Breakdown;;629136c7-25d1-41a9-9541-b5eda090f6e3
2024-08-22 11:51:06,558;Capella;6.1.0.202303291413;Create+Representation;Physical+Function+Breakdown;;629136c7-25d1-41a9-9541-b5eda090f6e3
2024-08-22 11:51:06,590;Capella;6.1.0.202303291413;Create+Representation;Physical+Function+Breakdown;OK;629136c7-25d1-41a9-9541-b5eda090f6e3
2024-08-22 11:51:06,859;Capella;6.1.0.202303291413;Create+Representation;Physical+Function+Breakdown;OK;629136c7-25d1-41a9-9541-b5eda090f6e3
2024-08-22 11:52:04,078;Capella;6.1.0.202303291413;Create+Representation;Physical+Component+Breakdown;;037e8b7e-e266-4982-a0c6-8af01fd58972
2024-08-22 11:52:05,478;Capella;6.1.0.202303291413;Create+Representation;Physical+Component+Breakdown;;037e8b7e-e266-4982-a0c6-8af01fd58972
2024-08-22 11:52:05,492;Capella;6.1.0.202303291413;Create+Representation;Physical+Component+Breakdown;OK;037e8b7e-e266-4982-a0c6-8af01fd58972
2024-08-22 11:52:05,684;Capella;6.1.0.202303291413;Create+Representation;Physical+Component+Breakdown;OK;037e8b7e-e266-4982-a0c6-8af01fd58972
2024-08-22 11:57:49,910;Capella;6.1.0.202303291413;Create+Representation;Physical+Architecture+Blank;;037e8b7e-e266-4982-a0c6-8af01fd58972
2024-08-22 11:58:00,483;Capella;6.1.0.202303291413;Create+Representation;Physical+Architecture+Blank;;037e8b7e-e266-4982-a0c6-8af01fd58972
2024-08-22 11:58:00,490;Capella;6.1.0.202303291413;Create+Representation;Physical+Architecture+Blank;OK;037e8b7e-e266-4982-a0c6-8af01fd58972
2024-08-22 11:58:00,748;Capella;6.1.0.202303291413;Create+Representation;Physical+Architecture+Blank;OK;037e8b7e-e266-4982-a0c6-8af01fd58972
2024-08-22 13:13:19,206;Capella;6.1.0.202303291413;Create+Representation;Configuration+Items+Breakdown;;8d6882dd-664e-4cbd-affd-d8ec563ade46
2024-08-22 13:13:59,596;Capella;6.1.0.202303291413;Create+Representation;Configuration+Items+Breakdown;;8d6882dd-664e-4cbd-affd-d8ec563ade46
2024-08-22 13:13:59,611;Capella;6.1.0.202303291413;Create+Representation;Configuration+Items+Breakdown;OK;8d6882dd-664e-4cbd-affd-d8ec563ade46
2024-08-22 13:13:59,793;Capella;6.1.0.202303291413;Create+Representation;Configuration+Items+Breakdown;OK;8d6882dd-664e-4cbd-affd-d8ec563ade46
2024-08-22 13:14:24,726;Capella;6.1.0.202303291413;Create+Representation;EPBS+Architecture+Blank;;8d6882dd-664e-4cbd-affd-d8ec563ade46
2024-08-22 13:14:27,231;Capella;6.1.0.202303291413;Create+Representation;EPBS+Architecture+Blank;;8d6882dd-664e-4cbd-affd-d8ec563ade46
2024-08-22 13:14:27,235;Capella;6.1.0.202303291413;Create+Representation;EPBS+Architecture+Blank;OK;8d6882dd-664e-4cbd-affd-d8ec563ade46
2024-08-22 13:14:27,398;Capella;6.1.0.202303291413;Create+Representation;EPBS+Architecture+Blank;OK;8d6882dd-664e-4cbd-affd-d8ec563ade46
2024-08-22 13:36:34,776;Capella;6.1.0.202303291413;Open+Representation;;;
2024-08-22 13:36:34,891;Capella;6.1.0.202303291413;Open+Representation;;OK;
2024-08-22 18:06:02,390;Capella;6.1.0.202303291413;Open+Representation;;;
2024-08-22 18:06:02,645;Capella;6.1.0.202303291413;Open+Representation;;OK;
2024-08-22 18:45:06,124;Capella;6.1.0.202303291413;Open+Representation;;;
2024-08-22 18:45:06,863;Capella;6.1.0.202303291413;Open+Representation;;OK;
2024-08-22 18:48:28,478;Capella;6.1.0.202303291413;Open+Representation;;;
2024-08-22 18:48:29,139;Capella;6.1.0.202303291413;Open+Representation;;OK;
2024-08-22 19:47:13,229;Capella;6.1.0.202303291413;Open+Representation;;;
2024-08-22 19:47:13,406;Capella;6.1.0.202303291413;Open+Representation;;OK;
2024-08-22 19:47:19,643;Capella;6.1.0.202303291413;Open+Representation;;;
2024-08-22 19:47:19,873;Capella;6.1.0.202303291413;Open+Representation;;OK;
2024-08-29 19:38:55,386;Capella;6.1.0.202303291413;Open+Session;5G+NR+%E6%89%8B%E6%9C%BA%E7%9B%B4%E8%BF%9ETP%E8%AF%95%E9%AA%8C%E5%8D%AB%E6%98%9F.aird;;
2024-08-29 19:38:57,842;Capella;6.1.0.202303291413;Open+Session;5G+NR+%E6%89%8B%E6%9C%BA%E7%9B%B4%E8%BF%9ETP%E8%AF%95%E9%AA%8C%E5%8D%AB%E6%98%9F.aird;OK;
2024-08-29 19:39:04,087;Capella;6.1.0.202303291413;Open+Representation;;;
2024-08-29 19:39:06,311;Capella;6.1.0.202303291413;Open+Representation;;OK;
